2024-10-05 10:58:34 - Neovide panicked with the message 'called `Result::unwrap()` on an `Err` value: Error { code: HRESULT(0x887A0005), message: "The GPU device instance has been suspended. Use GetDeviceRemovedReason to determine the appropriate action." }'. (File: src\renderer\d3d.rs; Line: 315, Column: 18)
   0: <unknown>
   1: <unknown>
   2: <unknown>
   3: <unknown>
   4: <unknown>
   5: <unknown>
   6: <unknown>
   7: <unknown>
   8: <unknown>
   9: <unknown>
  10: <unknown>
  11: <unknown>
  12: <unknown>
  13: <unknown>
  14: <unknown>
  15: <unknown>
  16: <unknown>
  17: CallWindowProcW
  18: SendMessageW
  19: CharNextA
  20: KiUserCallbackDispatcher
  21: NtUserGetMessage
  22: GetMessageW
  23: <unknown>
  24: <unknown>
  25: <unknown>
  26: <unknown>
  27: <unknown>
  28: BaseThreadInitThunk
  29: RtlUserThreadStart

2024-10-05 10:58:34 - Neovide panicked with the message 'called `Result::unwrap()` on an `Err` value: Error { code: HRESULT(0x887A0005), message: "The GPU device instance has been suspended. Use GetDeviceRemovedReason to determine the appropriate action." }'. (File: src\renderer\d3d.rs; Line: 315, Column: 18)
   0: <unknown>
   1: <unknown>
   2: <unknown>
   3: <unknown>
   4: <unknown>
   5: <unknown>
   6: <unknown>
   7: <unknown>
   8: <unknown>
   9: <unknown>
  10: <unknown>
  11: <unknown>
  12: <unknown>
  13: <unknown>
  14: _CxxFrameHandler3
  15: is_exception_typeof
  16: is_exception_typeof
  17: _CxxFrameHandler3
  18: _chkstk
  19: RtlUnwindEx
  20: _C_specific_handler
  21: is_exception_typeof
  22: is_exception_typeof
  23: is_exception_typeof
  24: _CxxFrameHandler3
  25: _chkstk
  26: RtlWow64GetCurrentCpuArea
  27: RtlRaiseException
  28: RaiseException
  29: CxxThrowException
  30: <unknown>
  31: <unknown>
  32: <unknown>
  33: <unknown>
  34: <unknown>
  35: <unknown>
  36: <unknown>
  37: <unknown>
  38: <unknown>
  39: <unknown>
  40: <unknown>
  41: <unknown>
  42: <unknown>
  43: <unknown>
  44: <unknown>
  45: <unknown>
  46: <unknown>
  47: CallWindowProcW
  48: SendMessageW
  49: CharNextA
  50: KiUserCallbackDispatcher
  51: NtUserGetMessage
  52: GetMessageW
  53: <unknown>
  54: <unknown>
  55: <unknown>
  56: <unknown>
  57: <unknown>
  58: BaseThreadInitThunk
  59: RtlUserThreadStart

