2025-02-05 13:52:18 - Neovide panicked with the message 'Failed to resize buffers: Error { code: HRESULT(0x887A0005), message: "The GPU device instance has been suspended. Use GetDeviceRemovedReason to determine the appropriate action." }'. (File: src\renderer\d3d.rs; Line: 440, Column: 18)
   0: <unknown>
   1: <unknown>
   2: <unknown>
   3: <unknown>
   4: <unknown>
   5: <unknown>
   6: <unknown>
   7: <unknown>
   8: <unknown>
   9: <unknown>
  10: <unknown>
  11: <unknown>
  12: <unknown>
  13: <unknown>
  14: CallWindowProcW
  15: SendMessageW
  16: CharNextA
  17: KiUserCallbackDispatcher
  18: NtUserGetMessage
  19: GetMessageW
  20: <unknown>
  21: <unknown>
  22: <unknown>
  23: <unknown>
  24: <unknown>
  25: BaseThreadInitThunk
  26: RtlUserThreadStart

2025-02-05 13:52:18 - Neovide panicked with the message 'called `Result::unwrap()` on an `Err` value: Error { code: HRESULT(0x887A0005), message: "The GPU device instance has been suspended. Use GetDeviceRemovedReason to determine the appropriate action." }'. (File: src\renderer\d3d.rs; Line: 315, Column: 18)
   0: <unknown>
   1: <unknown>
   2: <unknown>
   3: <unknown>
   4: <unknown>
   5: <unknown>
   6: <unknown>
   7: <unknown>
   8: <unknown>
   9: <unknown>
  10: <unknown>
  11: <unknown>
  12: <unknown>
  13: _CxxFrameHandler3
  14: is_exception_typeof
  15: _C_specific_handler
  16: is_exception_typeof
  17: _CxxFrameHandler3
  18: _chkstk
  19: RtlUnwindEx
  20: _C_specific_handler
  21: is_exception_typeof
  22: is_exception_typeof
  23: is_exception_typeof
  24: _CxxFrameHandler3
  25: _chkstk
  26: RtlWow64GetCurrentCpuArea
  27: RtlRaiseException
  28: RaiseException
  29: CxxThrowException
  30: <unknown>
  31: <unknown>
  32: <unknown>
  33: <unknown>
  34: <unknown>
  35: <unknown>
  36: <unknown>
  37: <unknown>
  38: <unknown>
  39: BaseThreadInitThunk
  40: RtlUserThreadStart

